<?xml version="1.0" encoding="UTF-8"?>
<testsuite xmlns:xsi="http://www.w3.org/2001/XMLSchema-instance" xsi:noNamespaceSchemaLocation="https://maven.apache.org/surefire/maven-surefire-plugin/xsd/surefire-test-report.xsd" version="3.0.2" name="com.example.digital_wardrobe.DigitalWardrobeApplicationTests" time="8.039" tests="1" errors="0" skipped="0" failures="0">
  <properties>
    <property name="java.specification.version" value="21"/>
    <property name="sun.cpu.isalist" value="amd64"/>
    <property name="sun.jnu.encoding" value="MS949"/>
    <property name="java.class.path" value="C:\Users\qmffn\git\2024-capston\digital_wardrobe\target\test-classes;C:\Users\qmffn\git\2024-capston\digital_wardrobe\target\classes;C:\Users\qmffn\.m2\repository\org\springframework\boot\spring-boot-starter-data-mongodb\3.4.5-SNAPSHOT\spring-boot-starter-data-mongodb-3.4.5-SNAPSHOT.jar;C:\Users\qmffn\.m2\repository\org\springframework\boot\spring-boot-starter\3.4.5-SNAPSHOT\spring-boot-starter-3.4.5-SNAPSHOT.jar;C:\Users\qmffn\.m2\repository\org\springframework\boot\spring-boot-starter-logging\3.4.5-SNAPSHOT\spring-boot-starter-logging-3.4.5-SNAPSHOT.jar;C:\Users\qmffn\.m2\repository\ch\qos\logback\logback-classic\1.5.18\logback-classic-1.5.18.jar;C:\Users\qmffn\.m2\repository\ch\qos\logback\logback-core\1.5.18\logback-core-1.5.18.jar;C:\Users\qmffn\.m2\repository\org\apache\logging\log4j\log4j-to-slf4j\2.24.3\log4j-to-slf4j-2.24.3.jar;C:\Users\qmffn\.m2\repository\org\apache\logging\log4j\log4j-api\2.24.3\log4j-api-2.24.3.jar;C:\Users\qmffn\.m2\repository\org\slf4j\jul-to-slf4j\2.0.17\jul-to-slf4j-2.0.17.jar;C:\Users\qmffn\.m2\repository\jakarta\annotation\jakarta.annotation-api\2.1.1\jakarta.annotation-api-2.1.1.jar;C:\Users\qmffn\.m2\repository\org\yaml\snakeyaml\2.3\snakeyaml-2.3.jar;C:\Users\qmffn\.m2\repository\org\mongodb\mongodb-driver-sync\5.2.1\mongodb-driver-sync-5.2.1.jar;C:\Users\qmffn\.m2\repository\org\mongodb\bson\5.2.1\bson-5.2.1.jar;C:\Users\qmffn\.m2\repository\org\mongodb\mongodb-driver-core\5.2.1\mongodb-driver-core-5.2.1.jar;C:\Users\qmffn\.m2\repository\org\mongodb\bson-record-codec\5.2.1\bson-record-codec-5.2.1.jar;C:\Users\qmffn\.m2\repository\org\springframework\data\spring-data-mongodb\4.4.5\spring-data-mongodb-4.4.5.jar;C:\Users\qmffn\.m2\repository\org\springframework\spring-tx\6.2.6\spring-tx-6.2.6.jar;C:\Users\qmffn\.m2\repository\org\springframework\spring-context\6.2.6\spring-context-6.2.6.jar;C:\Users\qmffn\.m2\repository\org\springframework\spring-beans\6.2.6\spring-beans-6.2.6.jar;C:\Users\qmffn\.m2\repository\org\springframework\spring-expression\6.2.6\spring-expression-6.2.6.jar;C:\Users\qmffn\.m2\repository\org\springframework\data\spring-data-commons\3.4.5\spring-data-commons-3.4.5.jar;C:\Users\qmffn\.m2\repository\org\slf4j\slf4j-api\2.0.17\slf4j-api-2.0.17.jar;C:\Users\qmffn\.m2\repository\org\springframework\boot\spring-boot-starter-web\3.4.5-SNAPSHOT\spring-boot-starter-web-3.4.5-SNAPSHOT.jar;C:\Users\qmffn\.m2\repository\org\springframework\boot\spring-boot-starter-json\3.4.5-SNAPSHOT\spring-boot-starter-json-3.4.5-SNAPSHOT.jar;C:\Users\qmffn\.m2\repository\com\fasterxml\jackson\datatype\jackson-datatype-jdk8\2.18.3\jackson-datatype-jdk8-2.18.3.jar;C:\Users\qmffn\.m2\repository\com\fasterxml\jackson\datatype\jackson-datatype-jsr310\2.18.3\jackson-datatype-jsr310-2.18.3.jar;C:\Users\qmffn\.m2\repository\com\fasterxml\jackson\module\jackson-module-parameter-names\2.18.3\jackson-module-parameter-names-2.18.3.jar;C:\Users\qmffn\.m2\repository\org\springframework\boot\spring-boot-starter-tomcat\3.4.5-SNAPSHOT\spring-boot-starter-tomcat-3.4.5-SNAPSHOT.jar;C:\Users\qmffn\.m2\repository\org\apache\tomcat\embed\tomcat-embed-core\10.1.40\tomcat-embed-core-10.1.40.jar;C:\Users\qmffn\.m2\repository\org\apache\tomcat\embed\tomcat-embed-el\10.1.40\tomcat-embed-el-10.1.40.jar;C:\Users\qmffn\.m2\repository\org\apache\tomcat\embed\tomcat-embed-websocket\10.1.40\tomcat-embed-websocket-10.1.40.jar;C:\Users\qmffn\.m2\repository\org\springframework\spring-web\6.2.6\spring-web-6.2.6.jar;C:\Users\qmffn\.m2\repository\io\micrometer\micrometer-observation\1.14.6\micrometer-observation-1.14.6.jar;C:\Users\qmffn\.m2\repository\io\micrometer\micrometer-commons\1.14.6\micrometer-commons-1.14.6.jar;C:\Users\qmffn\.m2\repository\org\springframework\spring-webmvc\6.2.6\spring-webmvc-6.2.6.jar;C:\Users\qmffn\.m2\repository\software\amazon\awssdk\s3\2.20.132\s3-2.20.132.jar;C:\Users\qmffn\.m2\repository\software\amazon\awssdk\aws-xml-protocol\2.20.132\aws-xml-protocol-2.20.132.jar;C:\Users\qmffn\.m2\repository\software\amazon\awssdk\aws-query-protocol\2.20.132\aws-query-protocol-2.20.132.jar;C:\Users\qmffn\.m2\repository\software\amazon\awssdk\protocol-core\2.20.132\protocol-core-2.20.132.jar;C:\Users\qmffn\.m2\repository\software\amazon\awssdk\arns\2.20.132\arns-2.20.132.jar;C:\Users\qmffn\.m2\repository\software\amazon\awssdk\profiles\2.20.132\profiles-2.20.132.jar;C:\Users\qmffn\.m2\repository\software\amazon\awssdk\crt-core\2.20.132\crt-core-2.20.132.jar;C:\Users\qmffn\.m2\repository\software\amazon\awssdk\sdk-core\2.20.132\sdk-core-2.20.132.jar;C:\Users\qmffn\.m2\repository\org\reactivestreams\reactive-streams\1.0.4\reactive-streams-1.0.4.jar;C:\Users\qmffn\.m2\repository\software\amazon\awssdk\auth\2.20.132\auth-2.20.132.jar;C:\Users\qmffn\.m2\repository\software\amazon\eventstream\eventstream\1.0.1\eventstream-1.0.1.jar;C:\Users\qmffn\.m2\repository\software\amazon\awssdk\http-client-spi\2.20.132\http-client-spi-2.20.132.jar;C:\Users\qmffn\.m2\repository\software\amazon\awssdk\regions\2.20.132\regions-2.20.132.jar;C:\Users\qmffn\.m2\repository\software\amazon\awssdk\annotations\2.20.132\annotations-2.20.132.jar;C:\Users\qmffn\.m2\repository\software\amazon\awssdk\utils\2.20.132\utils-2.20.132.jar;C:\Users\qmffn\.m2\repository\software\amazon\awssdk\aws-core\2.20.132\aws-core-2.20.132.jar;C:\Users\qmffn\.m2\repository\software\amazon\awssdk\metrics-spi\2.20.132\metrics-spi-2.20.132.jar;C:\Users\qmffn\.m2\repository\software\amazon\awssdk\json-utils\2.20.132\json-utils-2.20.132.jar;C:\Users\qmffn\.m2\repository\software\amazon\awssdk\third-party-jackson-core\2.20.132\third-party-jackson-core-2.20.132.jar;C:\Users\qmffn\.m2\repository\software\amazon\awssdk\endpoints-spi\2.20.132\endpoints-spi-2.20.132.jar;C:\Users\qmffn\.m2\repository\software\amazon\awssdk\apache-client\2.20.132\apache-client-2.20.132.jar;C:\Users\qmffn\.m2\repository\org\apache\httpcomponents\httpclient\4.5.13\httpclient-4.5.13.jar;C:\Users\qmffn\.m2\repository\commons-logging\commons-logging\1.2\commons-logging-1.2.jar;C:\Users\qmffn\.m2\repository\org\apache\httpcomponents\httpcore\4.4.16\httpcore-4.4.16.jar;C:\Users\qmffn\.m2\repository\commons-codec\commons-codec\1.17.2\commons-codec-1.17.2.jar;C:\Users\qmffn\.m2\repository\software\amazon\awssdk\netty-nio-client\2.20.132\netty-nio-client-2.20.132.jar;C:\Users\qmffn\.m2\repository\io\netty\netty-codec-http\4.1.119.Final\netty-codec-http-4.1.119.Final.jar;C:\Users\qmffn\.m2\repository\io\netty\netty-codec-http2\4.1.119.Final\netty-codec-http2-4.1.119.Final.jar;C:\Users\qmffn\.m2\repository\io\netty\netty-codec\4.1.119.Final\netty-codec-4.1.119.Final.jar;C:\Users\qmffn\.m2\repository\io\netty\netty-transport\4.1.119.Final\netty-transport-4.1.119.Final.jar;C:\Users\qmffn\.m2\repository\io\netty\netty-common\4.1.119.Final\netty-common-4.1.119.Final.jar;C:\Users\qmffn\.m2\repository\io\netty\netty-buffer\4.1.119.Final\netty-buffer-4.1.119.Final.jar;C:\Users\qmffn\.m2\repository\io\netty\netty-handler\4.1.119.Final\netty-handler-4.1.119.Final.jar;C:\Users\qmffn\.m2\repository\io\netty\netty-transport-native-unix-common\4.1.119.Final\netty-transport-native-unix-common-4.1.119.Final.jar;C:\Users\qmffn\.m2\repository\io\netty\netty-transport-classes-epoll\4.1.119.Final\netty-transport-classes-epoll-4.1.119.Final.jar;C:\Users\qmffn\.m2\repository\io\netty\netty-resolver\4.1.119.Final\netty-resolver-4.1.119.Final.jar;C:\Users\qmffn\.m2\repository\org\springframework\boot\spring-boot-devtools\3.4.5-SNAPSHOT\spring-boot-devtools-3.4.5-SNAPSHOT.jar;C:\Users\qmffn\.m2\repository\org\springframework\boot\spring-boot\3.4.5-SNAPSHOT\spring-boot-3.4.5-SNAPSHOT.jar;C:\Users\qmffn\.m2\repository\org\springframework\boot\spring-boot-autoconfigure\3.4.5-SNAPSHOT\spring-boot-autoconfigure-3.4.5-SNAPSHOT.jar;C:\Users\qmffn\.m2\repository\org\springframework\boot\spring-boot-starter-test\3.4.5-SNAPSHOT\spring-boot-starter-test-3.4.5-SNAPSHOT.jar;C:\Users\qmffn\.m2\repository\org\springframework\boot\spring-boot-test\3.4.5-SNAPSHOT\spring-boot-test-3.4.5-SNAPSHOT.jar;C:\Users\qmffn\.m2\repository\org\springframework\boot\spring-boot-test-autoconfigure\3.4.5-SNAPSHOT\spring-boot-test-autoconfigure-3.4.5-SNAPSHOT.jar;C:\Users\qmffn\.m2\repository\com\jayway\jsonpath\json-path\2.9.0\json-path-2.9.0.jar;C:\Users\qmffn\.m2\repository\jakarta\xml\bind\jakarta.xml.bind-api\4.0.2\jakarta.xml.bind-api-4.0.2.jar;C:\Users\qmffn\.m2\repository\jakarta\activation\jakarta.activation-api\2.1.3\jakarta.activation-api-2.1.3.jar;C:\Users\qmffn\.m2\repository\net\minidev\json-smart\2.5.2\json-smart-2.5.2.jar;C:\Users\qmffn\.m2\repository\net\minidev\accessors-smart\2.5.2\accessors-smart-2.5.2.jar;C:\Users\qmffn\.m2\repository\org\ow2\asm\asm\9.7.1\asm-9.7.1.jar;C:\Users\qmffn\.m2\repository\org\assertj\assertj-core\3.26.3\assertj-core-3.26.3.jar;C:\Users\qmffn\.m2\repository\net\bytebuddy\byte-buddy\1.15.11\byte-buddy-1.15.11.jar;C:\Users\qmffn\.m2\repository\org\awaitility\awaitility\4.2.2\awaitility-4.2.2.jar;C:\Users\qmffn\.m2\repository\org\hamcrest\hamcrest\2.2\hamcrest-2.2.jar;C:\Users\qmffn\.m2\repository\org\junit\jupiter\junit-jupiter\5.11.4\junit-jupiter-5.11.4.jar;C:\Users\qmffn\.m2\repository\org\junit\jupiter\junit-jupiter-api\5.11.4\junit-jupiter-api-5.11.4.jar;C:\Users\qmffn\.m2\repository\org\opentest4j\opentest4j\1.3.0\opentest4j-1.3.0.jar;C:\Users\qmffn\.m2\repository\org\junit\platform\junit-platform-commons\1.11.4\junit-platform-commons-1.11.4.jar;C:\Users\qmffn\.m2\repository\org\apiguardian\apiguardian-api\1.1.2\apiguardian-api-1.1.2.jar;C:\Users\qmffn\.m2\repository\org\junit\jupiter\junit-jupiter-params\5.11.4\junit-jupiter-params-5.11.4.jar;C:\Users\qmffn\.m2\repository\org\junit\jupiter\junit-jupiter-engine\5.11.4\junit-jupiter-engine-5.11.4.jar;C:\Users\qmffn\.m2\repository\org\junit\platform\junit-platform-engine\1.11.4\junit-platform-engine-1.11.4.jar;C:\Users\qmffn\.m2\repository\org\mockito\mockito-core\5.14.2\mockito-core-5.14.2.jar;C:\Users\qmffn\.m2\repository\net\bytebuddy\byte-buddy-agent\1.15.11\byte-buddy-agent-1.15.11.jar;C:\Users\qmffn\.m2\repository\org\objenesis\objenesis\3.3\objenesis-3.3.jar;C:\Users\qmffn\.m2\repository\org\mockito\mockito-junit-jupiter\5.14.2\mockito-junit-jupiter-5.14.2.jar;C:\Users\qmffn\.m2\repository\org\skyscreamer\jsonassert\1.5.3\jsonassert-1.5.3.jar;C:\Users\qmffn\.m2\repository\com\vaadin\external\google\android-json\0.0.20131108.vaadin1\android-json-0.0.20131108.vaadin1.jar;C:\Users\qmffn\.m2\repository\org\springframework\spring-core\6.2.6\spring-core-6.2.6.jar;C:\Users\qmffn\.m2\repository\org\springframework\spring-jcl\6.2.6\spring-jcl-6.2.6.jar;C:\Users\qmffn\.m2\repository\org\springframework\spring-test\6.2.6\spring-test-6.2.6.jar;C:\Users\qmffn\.m2\repository\org\xmlunit\xmlunit-core\2.10.0\xmlunit-core-2.10.0.jar;C:\Users\qmffn\.m2\repository\org\springdoc\springdoc-openapi-starter-webmvc-ui\2.2.0\springdoc-openapi-starter-webmvc-ui-2.2.0.jar;C:\Users\qmffn\.m2\repository\org\springdoc\springdoc-openapi-starter-webmvc-api\2.2.0\springdoc-openapi-starter-webmvc-api-2.2.0.jar;C:\Users\qmffn\.m2\repository\org\springdoc\springdoc-openapi-starter-common\2.2.0\springdoc-openapi-starter-common-2.2.0.jar;C:\Users\qmffn\.m2\repository\io\swagger\core\v3\swagger-core-jakarta\2.2.15\swagger-core-jakarta-2.2.15.jar;C:\Users\qmffn\.m2\repository\org\apache\commons\commons-lang3\3.17.0\commons-lang3-3.17.0.jar;C:\Users\qmffn\.m2\repository\io\swagger\core\v3\swagger-annotations-jakarta\2.2.15\swagger-annotations-jakarta-2.2.15.jar;C:\Users\qmffn\.m2\repository\io\swagger\core\v3\swagger-models-jakarta\2.2.15\swagger-models-jakarta-2.2.15.jar;C:\Users\qmffn\.m2\repository\jakarta\validation\jakarta.validation-api\3.0.2\jakarta.validation-api-3.0.2.jar;C:\Users\qmffn\.m2\repository\com\fasterxml\jackson\dataformat\jackson-dataformat-yaml\2.18.3\jackson-dataformat-yaml-2.18.3.jar;C:\Users\qmffn\.m2\repository\org\webjars\swagger-ui\5.2.0\swagger-ui-5.2.0.jar;C:\Users\qmffn\.m2\repository\org\projectlombok\lombok\1.18.38\lombok-1.18.38.jar;C:\Users\qmffn\.m2\repository\org\springframework\boot\spring-boot-starter-security\3.4.5-SNAPSHOT\spring-boot-starter-security-3.4.5-SNAPSHOT.jar;C:\Users\qmffn\.m2\repository\org\springframework\spring-aop\6.2.6\spring-aop-6.2.6.jar;C:\Users\qmffn\.m2\repository\org\springframework\security\spring-security-config\6.4.5\spring-security-config-6.4.5.jar;C:\Users\qmffn\.m2\repository\org\springframework\security\spring-security-core\6.4.5\spring-security-core-6.4.5.jar;C:\Users\qmffn\.m2\repository\org\springframework\security\spring-security-crypto\6.4.5\spring-security-crypto-6.4.5.jar;C:\Users\qmffn\.m2\repository\org\springframework\security\spring-security-web\6.4.5\spring-security-web-6.4.5.jar;C:\Users\qmffn\.m2\repository\io\jsonwebtoken\jjwt-api\0.11.5\jjwt-api-0.11.5.jar;C:\Users\qmffn\.m2\repository\io\jsonwebtoken\jjwt-impl\0.11.5\jjwt-impl-0.11.5.jar;C:\Users\qmffn\.m2\repository\io\jsonwebtoken\jjwt-jackson\0.11.5\jjwt-jackson-0.11.5.jar;C:\Users\qmffn\.m2\repository\com\fasterxml\jackson\core\jackson-databind\2.18.3\jackson-databind-2.18.3.jar;C:\Users\qmffn\.m2\repository\com\fasterxml\jackson\core\jackson-annotations\2.18.3\jackson-annotations-2.18.3.jar;C:\Users\qmffn\.m2\repository\com\fasterxml\jackson\core\jackson-core\2.18.3\jackson-core-2.18.3.jar;"/>
    <property name="java.vm.vendor" value="Oracle Corporation"/>
    <property name="sun.arch.data.model" value="64"/>
    <property name="user.variant" value=""/>
    <property name="java.vendor.url" value="https://java.oracle.com/"/>
    <property name="user.timezone" value="Asia/Seoul"/>
    <property name="os.name" value="Windows 11"/>
    <property name="java.vm.specification.version" value="21"/>
    <property name="APPLICATION_NAME" value="digital_wardrobe"/>
    <property name="sun.java.launcher" value="SUN_STANDARD"/>
    <property name="user.country" value="KR"/>
    <property name="sun.boot.library.path" value="C:\Program Files\Java\jdk-21\bin"/>
    <property name="sun.java.command" value="C:\Users\qmffn\AppData\Local\Temp\surefire819343042115187919\surefirebooter-20250604153948635_3.jar C:\Users\qmffn\AppData\Local\Temp\surefire819343042115187919 2025-06-04T15-39-47_466-jvmRun1 surefire-20250604153948635_1tmp surefire_0-20250604153948635_2tmp"/>
    <property name="jdk.debug" value="release"/>
    <property name="surefire.test.class.path" value="C:\Users\qmffn\git\2024-capston\digital_wardrobe\target\test-classes;C:\Users\qmffn\git\2024-capston\digital_wardrobe\target\classes;C:\Users\qmffn\.m2\repository\org\springframework\boot\spring-boot-starter-data-mongodb\3.4.5-SNAPSHOT\spring-boot-starter-data-mongodb-3.4.5-SNAPSHOT.jar;C:\Users\qmffn\.m2\repository\org\springframework\boot\spring-boot-starter\3.4.5-SNAPSHOT\spring-boot-starter-3.4.5-SNAPSHOT.jar;C:\Users\qmffn\.m2\repository\org\springframework\boot\spring-boot-starter-logging\3.4.5-SNAPSHOT\spring-boot-starter-logging-3.4.5-SNAPSHOT.jar;C:\Users\qmffn\.m2\repository\ch\qos\logback\logback-classic\1.5.18\logback-classic-1.5.18.jar;C:\Users\qmffn\.m2\repository\ch\qos\logback\logback-core\1.5.18\logback-core-1.5.18.jar;C:\Users\qmffn\.m2\repository\org\apache\logging\log4j\log4j-to-slf4j\2.24.3\log4j-to-slf4j-2.24.3.jar;C:\Users\qmffn\.m2\repository\org\apache\logging\log4j\log4j-api\2.24.3\log4j-api-2.24.3.jar;C:\Users\qmffn\.m2\repository\org\slf4j\jul-to-slf4j\2.0.17\jul-to-slf4j-2.0.17.jar;C:\Users\qmffn\.m2\repository\jakarta\annotation\jakarta.annotation-api\2.1.1\jakarta.annotation-api-2.1.1.jar;C:\Users\qmffn\.m2\repository\org\yaml\snakeyaml\2.3\snakeyaml-2.3.jar;C:\Users\qmffn\.m2\repository\org\mongodb\mongodb-driver-sync\5.2.1\mongodb-driver-sync-5.2.1.jar;C:\Users\qmffn\.m2\repository\org\mongodb\bson\5.2.1\bson-5.2.1.jar;C:\Users\qmffn\.m2\repository\org\mongodb\mongodb-driver-core\5.2.1\mongodb-driver-core-5.2.1.jar;C:\Users\qmffn\.m2\repository\org\mongodb\bson-record-codec\5.2.1\bson-record-codec-5.2.1.jar;C:\Users\qmffn\.m2\repository\org\springframework\data\spring-data-mongodb\4.4.5\spring-data-mongodb-4.4.5.jar;C:\Users\qmffn\.m2\repository\org\springframework\spring-tx\6.2.6\spring-tx-6.2.6.jar;C:\Users\qmffn\.m2\repository\org\springframework\spring-context\6.2.6\spring-context-6.2.6.jar;C:\Users\qmffn\.m2\repository\org\springframework\spring-beans\6.2.6\spring-beans-6.2.6.jar;C:\Users\qmffn\.m2\repository\org\springframework\spring-expression\6.2.6\spring-expression-6.2.6.jar;C:\Users\qmffn\.m2\repository\org\springframework\data\spring-data-commons\3.4.5\spring-data-commons-3.4.5.jar;C:\Users\qmffn\.m2\repository\org\slf4j\slf4j-api\2.0.17\slf4j-api-2.0.17.jar;C:\Users\qmffn\.m2\repository\org\springframework\boot\spring-boot-starter-web\3.4.5-SNAPSHOT\spring-boot-starter-web-3.4.5-SNAPSHOT.jar;C:\Users\qmffn\.m2\repository\org\springframework\boot\spring-boot-starter-json\3.4.5-SNAPSHOT\spring-boot-starter-json-3.4.5-SNAPSHOT.jar;C:\Users\qmffn\.m2\repository\com\fasterxml\jackson\datatype\jackson-datatype-jdk8\2.18.3\jackson-datatype-jdk8-2.18.3.jar;C:\Users\qmffn\.m2\repository\com\fasterxml\jackson\datatype\jackson-datatype-jsr310\2.18.3\jackson-datatype-jsr310-2.18.3.jar;C:\Users\qmffn\.m2\repository\com\fasterxml\jackson\module\jackson-module-parameter-names\2.18.3\jackson-module-parameter-names-2.18.3.jar;C:\Users\qmffn\.m2\repository\org\springframework\boot\spring-boot-starter-tomcat\3.4.5-SNAPSHOT\spring-boot-starter-tomcat-3.4.5-SNAPSHOT.jar;C:\Users\qmffn\.m2\repository\org\apache\tomcat\embed\tomcat-embed-core\10.1.40\tomcat-embed-core-10.1.40.jar;C:\Users\qmffn\.m2\repository\org\apache\tomcat\embed\tomcat-embed-el\10.1.40\tomcat-embed-el-10.1.40.jar;C:\Users\qmffn\.m2\repository\org\apache\tomcat\embed\tomcat-embed-websocket\10.1.40\tomcat-embed-websocket-10.1.40.jar;C:\Users\qmffn\.m2\repository\org\springframework\spring-web\6.2.6\spring-web-6.2.6.jar;C:\Users\qmffn\.m2\repository\io\micrometer\micrometer-observation\1.14.6\micrometer-observation-1.14.6.jar;C:\Users\qmffn\.m2\repository\io\micrometer\micrometer-commons\1.14.6\micrometer-commons-1.14.6.jar;C:\Users\qmffn\.m2\repository\org\springframework\spring-webmvc\6.2.6\spring-webmvc-6.2.6.jar;C:\Users\qmffn\.m2\repository\software\amazon\awssdk\s3\2.20.132\s3-2.20.132.jar;C:\Users\qmffn\.m2\repository\software\amazon\awssdk\aws-xml-protocol\2.20.132\aws-xml-protocol-2.20.132.jar;C:\Users\qmffn\.m2\repository\software\amazon\awssdk\aws-query-protocol\2.20.132\aws-query-protocol-2.20.132.jar;C:\Users\qmffn\.m2\repository\software\amazon\awssdk\protocol-core\2.20.132\protocol-core-2.20.132.jar;C:\Users\qmffn\.m2\repository\software\amazon\awssdk\arns\2.20.132\arns-2.20.132.jar;C:\Users\qmffn\.m2\repository\software\amazon\awssdk\profiles\2.20.132\profiles-2.20.132.jar;C:\Users\qmffn\.m2\repository\software\amazon\awssdk\crt-core\2.20.132\crt-core-2.20.132.jar;C:\Users\qmffn\.m2\repository\software\amazon\awssdk\sdk-core\2.20.132\sdk-core-2.20.132.jar;C:\Users\qmffn\.m2\repository\org\reactivestreams\reactive-streams\1.0.4\reactive-streams-1.0.4.jar;C:\Users\qmffn\.m2\repository\software\amazon\awssdk\auth\2.20.132\auth-2.20.132.jar;C:\Users\qmffn\.m2\repository\software\amazon\eventstream\eventstream\1.0.1\eventstream-1.0.1.jar;C:\Users\qmffn\.m2\repository\software\amazon\awssdk\http-client-spi\2.20.132\http-client-spi-2.20.132.jar;C:\Users\qmffn\.m2\repository\software\amazon\awssdk\regions\2.20.132\regions-2.20.132.jar;C:\Users\qmffn\.m2\repository\software\amazon\awssdk\annotations\2.20.132\annotations-2.20.132.jar;C:\Users\qmffn\.m2\repository\software\amazon\awssdk\utils\2.20.132\utils-2.20.132.jar;C:\Users\qmffn\.m2\repository\software\amazon\awssdk\aws-core\2.20.132\aws-core-2.20.132.jar;C:\Users\qmffn\.m2\repository\software\amazon\awssdk\metrics-spi\2.20.132\metrics-spi-2.20.132.jar;C:\Users\qmffn\.m2\repository\software\amazon\awssdk\json-utils\2.20.132\json-utils-2.20.132.jar;C:\Users\qmffn\.m2\repository\software\amazon\awssdk\third-party-jackson-core\2.20.132\third-party-jackson-core-2.20.132.jar;C:\Users\qmffn\.m2\repository\software\amazon\awssdk\endpoints-spi\2.20.132\endpoints-spi-2.20.132.jar;C:\Users\qmffn\.m2\repository\software\amazon\awssdk\apache-client\2.20.132\apache-client-2.20.132.jar;C:\Users\qmffn\.m2\repository\org\apache\httpcomponents\httpclient\4.5.13\httpclient-4.5.13.jar;C:\Users\qmffn\.m2\repository\commons-logging\commons-logging\1.2\commons-logging-1.2.jar;C:\Users\qmffn\.m2\repository\org\apache\httpcomponents\httpcore\4.4.16\httpcore-4.4.16.jar;C:\Users\qmffn\.m2\repository\commons-codec\commons-codec\1.17.2\commons-codec-1.17.2.jar;C:\Users\qmffn\.m2\repository\software\amazon\awssdk\netty-nio-client\2.20.132\netty-nio-client-2.20.132.jar;C:\Users\qmffn\.m2\repository\io\netty\netty-codec-http\4.1.119.Final\netty-codec-http-4.1.119.Final.jar;C:\Users\qmffn\.m2\repository\io\netty\netty-codec-http2\4.1.119.Final\netty-codec-http2-4.1.119.Final.jar;C:\Users\qmffn\.m2\repository\io\netty\netty-codec\4.1.119.Final\netty-codec-4.1.119.Final.jar;C:\Users\qmffn\.m2\repository\io\netty\netty-transport\4.1.119.Final\netty-transport-4.1.119.Final.jar;C:\Users\qmffn\.m2\repository\io\netty\netty-common\4.1.119.Final\netty-common-4.1.119.Final.jar;C:\Users\qmffn\.m2\repository\io\netty\netty-buffer\4.1.119.Final\netty-buffer-4.1.119.Final.jar;C:\Users\qmffn\.m2\repository\io\netty\netty-handler\4.1.119.Final\netty-handler-4.1.119.Final.jar;C:\Users\qmffn\.m2\repository\io\netty\netty-transport-native-unix-common\4.1.119.Final\netty-transport-native-unix-common-4.1.119.Final.jar;C:\Users\qmffn\.m2\repository\io\netty\netty-transport-classes-epoll\4.1.119.Final\netty-transport-classes-epoll-4.1.119.Final.jar;C:\Users\qmffn\.m2\repository\io\netty\netty-resolver\4.1.119.Final\netty-resolver-4.1.119.Final.jar;C:\Users\qmffn\.m2\repository\org\springframework\boot\spring-boot-devtools\3.4.5-SNAPSHOT\spring-boot-devtools-3.4.5-SNAPSHOT.jar;C:\Users\qmffn\.m2\repository\org\springframework\boot\spring-boot\3.4.5-SNAPSHOT\spring-boot-3.4.5-SNAPSHOT.jar;C:\Users\qmffn\.m2\repository\org\springframework\boot\spring-boot-autoconfigure\3.4.5-SNAPSHOT\spring-boot-autoconfigure-3.4.5-SNAPSHOT.jar;C:\Users\qmffn\.m2\repository\org\springframework\boot\spring-boot-starter-test\3.4.5-SNAPSHOT\spring-boot-starter-test-3.4.5-SNAPSHOT.jar;C:\Users\qmffn\.m2\repository\org\springframework\boot\spring-boot-test\3.4.5-SNAPSHOT\spring-boot-test-3.4.5-SNAPSHOT.jar;C:\Users\qmffn\.m2\repository\org\springframework\boot\spring-boot-test-autoconfigure\3.4.5-SNAPSHOT\spring-boot-test-autoconfigure-3.4.5-SNAPSHOT.jar;C:\Users\qmffn\.m2\repository\com\jayway\jsonpath\json-path\2.9.0\json-path-2.9.0.jar;C:\Users\qmffn\.m2\repository\jakarta\xml\bind\jakarta.xml.bind-api\4.0.2\jakarta.xml.bind-api-4.0.2.jar;C:\Users\qmffn\.m2\repository\jakarta\activation\jakarta.activation-api\2.1.3\jakarta.activation-api-2.1.3.jar;C:\Users\qmffn\.m2\repository\net\minidev\json-smart\2.5.2\json-smart-2.5.2.jar;C:\Users\qmffn\.m2\repository\net\minidev\accessors-smart\2.5.2\accessors-smart-2.5.2.jar;C:\Users\qmffn\.m2\repository\org\ow2\asm\asm\9.7.1\asm-9.7.1.jar;C:\Users\qmffn\.m2\repository\org\assertj\assertj-core\3.26.3\assertj-core-3.26.3.jar;C:\Users\qmffn\.m2\repository\net\bytebuddy\byte-buddy\1.15.11\byte-buddy-1.15.11.jar;C:\Users\qmffn\.m2\repository\org\awaitility\awaitility\4.2.2\awaitility-4.2.2.jar;C:\Users\qmffn\.m2\repository\org\hamcrest\hamcrest\2.2\hamcrest-2.2.jar;C:\Users\qmffn\.m2\repository\org\junit\jupiter\junit-jupiter\5.11.4\junit-jupiter-5.11.4.jar;C:\Users\qmffn\.m2\repository\org\junit\jupiter\junit-jupiter-api\5.11.4\junit-jupiter-api-5.11.4.jar;C:\Users\qmffn\.m2\repository\org\opentest4j\opentest4j\1.3.0\opentest4j-1.3.0.jar;C:\Users\qmffn\.m2\repository\org\junit\platform\junit-platform-commons\1.11.4\junit-platform-commons-1.11.4.jar;C:\Users\qmffn\.m2\repository\org\apiguardian\apiguardian-api\1.1.2\apiguardian-api-1.1.2.jar;C:\Users\qmffn\.m2\repository\org\junit\jupiter\junit-jupiter-params\5.11.4\junit-jupiter-params-5.11.4.jar;C:\Users\qmffn\.m2\repository\org\junit\jupiter\junit-jupiter-engine\5.11.4\junit-jupiter-engine-5.11.4.jar;C:\Users\qmffn\.m2\repository\org\junit\platform\junit-platform-engine\1.11.4\junit-platform-engine-1.11.4.jar;C:\Users\qmffn\.m2\repository\org\mockito\mockito-core\5.14.2\mockito-core-5.14.2.jar;C:\Users\qmffn\.m2\repository\net\bytebuddy\byte-buddy-agent\1.15.11\byte-buddy-agent-1.15.11.jar;C:\Users\qmffn\.m2\repository\org\objenesis\objenesis\3.3\objenesis-3.3.jar;C:\Users\qmffn\.m2\repository\org\mockito\mockito-junit-jupiter\5.14.2\mockito-junit-jupiter-5.14.2.jar;C:\Users\qmffn\.m2\repository\org\skyscreamer\jsonassert\1.5.3\jsonassert-1.5.3.jar;C:\Users\qmffn\.m2\repository\com\vaadin\external\google\android-json\0.0.20131108.vaadin1\android-json-0.0.20131108.vaadin1.jar;C:\Users\qmffn\.m2\repository\org\springframework\spring-core\6.2.6\spring-core-6.2.6.jar;C:\Users\qmffn\.m2\repository\org\springframework\spring-jcl\6.2.6\spring-jcl-6.2.6.jar;C:\Users\qmffn\.m2\repository\org\springframework\spring-test\6.2.6\spring-test-6.2.6.jar;C:\Users\qmffn\.m2\repository\org\xmlunit\xmlunit-core\2.10.0\xmlunit-core-2.10.0.jar;C:\Users\qmffn\.m2\repository\org\springdoc\springdoc-openapi-starter-webmvc-ui\2.2.0\springdoc-openapi-starter-webmvc-ui-2.2.0.jar;C:\Users\qmffn\.m2\repository\org\springdoc\springdoc-openapi-starter-webmvc-api\2.2.0\springdoc-openapi-starter-webmvc-api-2.2.0.jar;C:\Users\qmffn\.m2\repository\org\springdoc\springdoc-openapi-starter-common\2.2.0\springdoc-openapi-starter-common-2.2.0.jar;C:\Users\qmffn\.m2\repository\io\swagger\core\v3\swagger-core-jakarta\2.2.15\swagger-core-jakarta-2.2.15.jar;C:\Users\qmffn\.m2\repository\org\apache\commons\commons-lang3\3.17.0\commons-lang3-3.17.0.jar;C:\Users\qmffn\.m2\repository\io\swagger\core\v3\swagger-annotations-jakarta\2.2.15\swagger-annotations-jakarta-2.2.15.jar;C:\Users\qmffn\.m2\repository\io\swagger\core\v3\swagger-models-jakarta\2.2.15\swagger-models-jakarta-2.2.15.jar;C:\Users\qmffn\.m2\repository\jakarta\validation\jakarta.validation-api\3.0.2\jakarta.validation-api-3.0.2.jar;C:\Users\qmffn\.m2\repository\com\fasterxml\jackson\dataformat\jackson-dataformat-yaml\2.18.3\jackson-dataformat-yaml-2.18.3.jar;C:\Users\qmffn\.m2\repository\org\webjars\swagger-ui\5.2.0\swagger-ui-5.2.0.jar;C:\Users\qmffn\.m2\repository\org\projectlombok\lombok\1.18.38\lombok-1.18.38.jar;C:\Users\qmffn\.m2\repository\org\springframework\boot\spring-boot-starter-security\3.4.5-SNAPSHOT\spring-boot-starter-security-3.4.5-SNAPSHOT.jar;C:\Users\qmffn\.m2\repository\org\springframework\spring-aop\6.2.6\spring-aop-6.2.6.jar;C:\Users\qmffn\.m2\repository\org\springframework\security\spring-security-config\6.4.5\spring-security-config-6.4.5.jar;C:\Users\qmffn\.m2\repository\org\springframework\security\spring-security-core\6.4.5\spring-security-core-6.4.5.jar;C:\Users\qmffn\.m2\repository\org\springframework\security\spring-security-crypto\6.4.5\spring-security-crypto-6.4.5.jar;C:\Users\qmffn\.m2\repository\org\springframework\security\spring-security-web\6.4.5\spring-security-web-6.4.5.jar;C:\Users\qmffn\.m2\repository\io\jsonwebtoken\jjwt-api\0.11.5\jjwt-api-0.11.5.jar;C:\Users\qmffn\.m2\repository\io\jsonwebtoken\jjwt-impl\0.11.5\jjwt-impl-0.11.5.jar;C:\Users\qmffn\.m2\repository\io\jsonwebtoken\jjwt-jackson\0.11.5\jjwt-jackson-0.11.5.jar;C:\Users\qmffn\.m2\repository\com\fasterxml\jackson\core\jackson-databind\2.18.3\jackson-databind-2.18.3.jar;C:\Users\qmffn\.m2\repository\com\fasterxml\jackson\core\jackson-annotations\2.18.3\jackson-annotations-2.18.3.jar;C:\Users\qmffn\.m2\repository\com\fasterxml\jackson\core\jackson-core\2.18.3\jackson-core-2.18.3.jar;"/>
    <property name="sun.cpu.endian" value="little"/>
    <property name="user.home" value="C:\Users\qmffn"/>
    <property name="user.language" value="ko"/>
    <property name="java.specification.vendor" value="Oracle Corporation"/>
    <property name="java.version.date" value="2025-01-21"/>
    <property name="java.home" value="C:\Program Files\Java\jdk-21"/>
    <property name="file.separator" value="\"/>
    <property name="basedir" value="C:\Users\qmffn\git\2024-capston\digital_wardrobe"/>
    <property name="java.vm.compressedOopsMode" value="Zero based"/>
    <property name="line.separator" value="&#10;"/>
    <property name="java.vm.specification.vendor" value="Oracle Corporation"/>
    <property name="java.specification.name" value="Java Platform API Specification"/>
    <property name="FILE_LOG_CHARSET" value="UTF-8"/>
    <property name="java.awt.headless" value="true"/>
    <property name="surefire.real.class.path" value="C:\Users\qmffn\AppData\Local\Temp\surefire819343042115187919\surefirebooter-20250604153948635_3.jar"/>
    <property name="user.script" value=""/>
    <property name="sun.management.compiler" value="HotSpot 64-Bit Tiered Compilers"/>
    <property name="java.runtime.version" value="21.0.6+8-LTS-188"/>
    <property name="user.name" value="qmffn"/>
    <property name="stdout.encoding" value="MS949"/>
    <property name="path.separator" value=";"/>
    <property name="os.version" value="10.0"/>
    <property name="java.runtime.name" value="Java(TM) SE Runtime Environment"/>
    <property name="file.encoding" value="UTF-8"/>
    <property name="java.vm.name" value="Java HotSpot(TM) 64-Bit Server VM"/>
    <property name="localRepository" value="C:\Users\qmffn\.m2\repository"/>
    <property name="java.vendor.url.bug" value="https://bugreport.java.com/bugreport/"/>
    <property name="java.io.tmpdir" value="C:\Users\qmffn\AppData\Local\Temp\"/>
    <property name="java.version" value="21.0.6"/>
    <property name="user.dir" value="C:\Users\qmffn\git\2024-capston\digital_wardrobe"/>
    <property name="os.arch" value="amd64"/>
    <property name="java.vm.specification.name" value="Java Virtual Machine Specification"/>
    <property name="PID" value="63756"/>
    <property name="sun.os.patch.level" value=""/>
    <property name="CONSOLE_LOG_CHARSET" value="UTF-8"/>
    <property name="native.encoding" value="MS949"/>
    <property name="java.library.path" value="C:\Program Files\Java\jdk-21\bin;C:\WINDOWS\Sun\Java\bin;C:\WINDOWS\system32;C:\WINDOWS;C:\Program Files\Java\jdk-21\bin;C:\WINDOWS\system32;C:\WINDOWS;C:\WINDOWS\System32\Wbem;C:\WINDOWS\System32\WindowsPowerShell\v1.0\;C:\WINDOWS\System32\OpenSSH\;C:\Program Files (x86)\Windows Kits\10\Windows Performance Toolkit\;C:\Users\qmffn\AppData\Local\Programs\Python\Python312\python.exe;C:\Users\qmffn\AppData\Local\Programs\Python\Python312\python.exe\Scripts;C:\Program Files (x86)\Git\cmd;C:\Program Files\MATLAB\R2024b\bin;C:\Users\qmffn\Downloads\flutter_windows_3.29.3-stable\flutter\bin;C:\Users\qmffn\AppData\Local\Programs\Python\Python312\Scripts\;C:\Users\qmffn\AppData\Local\Programs\Python\Python312\;C:\Users\qmffn\AppData\Local\Programs\Python\Launcher\;C:\Program Files\MySQL\MySQL Shell 8.0\bin\;C:\Users\qmffn\AppData\Local\Microsoft\WindowsApps;C:\Users\qmffn\AppData\Local\GitHubDesktop\bin;C:\Users\qmffn\AppData\Local\Programs\Microsoft VS Code\bin;;."/>
    <property name="java.vm.info" value="mixed mode, sharing"/>
    <property name="stderr.encoding" value="MS949"/>
    <property name="java.vendor" value="Oracle Corporation"/>
    <property name="java.vm.version" value="21.0.6+8-LTS-188"/>
    <property name="sun.io.unicode.encoding" value="UnicodeLittle"/>
    <property name="java.class.version" value="65.0"/>
    <property name="LOGGED_APPLICATION_NAME" value="[digital_wardrobe] "/>
  </properties>
  <testcase name="contextLoads" classname="com.example.digital_wardrobe.DigitalWardrobeApplicationTests" time="1.325">
    <system-out><![CDATA[Standard Commons Logging discovery in action with spring-jcl: please remove commons-logging.jar from classpath in order to avoid potential conflicts
15:39:49.518 [main] INFO org.springframework.test.context.support.AnnotationConfigContextLoaderUtils -- Could not detect default configuration classes for test class [com.example.digital_wardrobe.DigitalWardrobeApplicationTests]: DigitalWardrobeApplicationTests does not declare any static, non-private, non-final, nested classes annotated with @Configuration.
15:39:49.621 [main] INFO org.springframework.boot.test.context.SpringBootTestContextBootstrapper -- Found @SpringBootConfiguration com.example.digital_wardrobe.DigitalWardrobeApplication for test class com.example.digital_wardrobe.DigitalWardrobeApplicationTests
15:39:49.788 [main] INFO org.springframework.boot.devtools.restart.RestartApplicationListener -- Restart disabled due to context in which it is running

  .   ____          _            __ _ _
 /\\ / ___'_ __ _ _(_)_ __  __ _ \ \ \ \
( ( )\___ | '_ | '_| | '_ \/ _` | \ \ \ \
 \\/  ___)| |_)| | | | | || (_| |  ) ) ) )
  '  |____| .__|_| |_|_| |_\__, | / / / /
 =========|_|==============|___/=/_/_/_/

 :: Spring Boot ::       (v3.4.5-SNAPSHOT)

2025-06-04T15:39:50.055+09:00  INFO 63756 --- [digital_wardrobe] [           main] c.e.d.DigitalWardrobeApplicationTests    : Starting DigitalWardrobeApplicationTests using Java 21.0.6 with PID 63756 (started by qmffn in C:\Users\qmffn\git\2024-capston\digital_wardrobe)
2025-06-04T15:39:50.057+09:00  INFO 63756 --- [digital_wardrobe] [           main] c.e.d.DigitalWardrobeApplicationTests    : No active profile set, falling back to 1 default profile: "default"
2025-06-04T15:39:50.809+09:00  INFO 63756 --- [digital_wardrobe] [           main] .s.d.r.c.RepositoryConfigurationDelegate : Bootstrapping Spring Data MongoDB repositories in DEFAULT mode.
2025-06-04T15:39:50.852+09:00  INFO 63756 --- [digital_wardrobe] [           main] .s.d.r.c.RepositoryConfigurationDelegate : Finished Spring Data repository scanning in 37 ms. Found 5 MongoDB repository interfaces.
2025-06-04T15:39:50.853+09:00  INFO 63756 --- [digital_wardrobe] [           main] .s.d.r.c.RepositoryConfigurationDelegate : Bootstrapping Spring Data MongoDB repositories in DEFAULT mode.
2025-06-04T15:39:50.859+09:00  INFO 63756 --- [digital_wardrobe] [           main] .s.d.r.c.RepositoryConfigurationDelegate : Finished Spring Data repository scanning in 4 ms. Found 1 MongoDB repository interface.
2025-06-04T15:39:51.651+09:00  INFO 63756 --- [digital_wardrobe] [fon.mongodb.net] org.mongodb.driver.cluster               : Adding discovered server ac-claqhrh-shard-00-02.t2rbfon.mongodb.net:27017 to client view of cluster
2025-06-04T15:39:51.663+09:00  INFO 63756 --- [digital_wardrobe] [           main] org.mongodb.driver.client                : MongoClient with metadata {"driver": {"name": "mongo-java-driver|sync", "version": "5.2.1"}, "os": {"type": "Windows", "name": "Windows 11", "architecture": "amd64", "version": "10.0"}, "platform": "Java/Oracle Corporation/21.0.6+8-LTS-188"} created with settings MongoClientSettings{readPreference=primary, writeConcern=WriteConcern{w=null, wTimeout=null ms, journal=null}, retryWrites=true, retryReads=true, readConcern=ReadConcern{level=LOCAL}, credential=MongoCredential{mechanism=null, userName='s01035495574', source='admin', password=<hidden>, mechanismProperties=<hidden>}, transportSettings=null, commandListeners=[], codecRegistry=ProvidersCodecRegistry{codecProviders=[ValueCodecProvider{}, BsonValueCodecProvider{}, DBRefCodecProvider{}, DBObjectCodecProvider{}, DocumentCodecProvider{}, CollectionCodecProvider{}, IterableCodecProvider{}, MapCodecProvider{}, GeoJsonCodecProvider{}, GridFSFileCodecProvider{}, Jsr310CodecProvider{}, JsonObjectCodecProvider{}, BsonCodecProvider{}, EnumCodecProvider{}, com.mongodb.client.model.mql.ExpressionCodecProvider@3c19592c, com.mongodb.Jep395RecordCodecProvider@60e1d87c, com.mongodb.KotlinCodecProvider@2eb60c71]}, loggerSettings=LoggerSettings{maxDocumentLength=1000}, clusterSettings={hosts=[127.0.0.1:27017], srvHost=cluster0.t2rbfon.mongodb.net, srvServiceName=mongodb, mode=MULTIPLE, requiredClusterType=REPLICA_SET, requiredReplicaSetName='atlas-pnleo6-shard-0', serverSelector='null', clusterListeners='[]', serverSelectionTimeout='30000 ms', localThreshold='15 ms'}, socketSettings=SocketSettings{connectTimeoutMS=10000, readTimeoutMS=0, receiveBufferSize=0, proxySettings=ProxySettings{host=null, port=null, username=null, password=null}}, heartbeatSocketSettings=SocketSettings{connectTimeoutMS=10000, readTimeoutMS=10000, receiveBufferSize=0, proxySettings=ProxySettings{host=null, port=null, username=null, password=null}}, connectionPoolSettings=ConnectionPoolSettings{maxSize=100, minSize=0, maxWaitTimeMS=120000, maxConnectionLifeTimeMS=0, maxConnectionIdleTimeMS=0, maintenanceInitialDelayMS=0, maintenanceFrequencyMS=60000, connectionPoolListeners=[], maxConnecting=2}, serverSettings=ServerSettings{heartbeatFrequencyMS=10000, minHeartbeatFrequencyMS=500, serverMonitoringMode=AUTO, serverListeners='[]', serverMonitorListeners='[]'}, sslSettings=SslSettings{enabled=true, invalidHostNameAllowed=false, context=null}, applicationName='null', compressorList=[], uuidRepresentation=UNSPECIFIED, serverApi=null, autoEncryptionSettings=null, dnsClient=null, inetAddressResolver=null, contextProvider=null, timeoutMS=null}
2025-06-04T15:39:51.676+09:00  INFO 63756 --- [digital_wardrobe] [fon.mongodb.net] org.mongodb.driver.cluster               : Adding discovered server ac-claqhrh-shard-00-01.t2rbfon.mongodb.net:27017 to client view of cluster
2025-06-04T15:39:51.679+09:00  INFO 63756 --- [digital_wardrobe] [fon.mongodb.net] org.mongodb.driver.cluster               : Adding discovered server ac-claqhrh-shard-00-00.t2rbfon.mongodb.net:27017 to client view of cluster
2025-06-04T15:39:52.278+09:00  INFO 63756 --- [digital_wardrobe] [           main] org.mongodb.driver.client                : MongoClient with metadata {"driver": {"name": "mongo-java-driver|sync", "version": "5.2.1"}, "os": {"type": "Windows", "name": "Windows 11", "architecture": "amd64", "version": "10.0"}, "platform": "Java/Oracle Corporation/21.0.6+8-LTS-188"} created with settings MongoClientSettings{readPreference=primary, writeConcern=WriteConcern{w=null, wTimeout=null ms, journal=null}, retryWrites=true, retryReads=true, readConcern=ReadConcern{level=LOCAL}, credential=MongoCredential{mechanism=null, userName='yujung', source='admin', password=<hidden>, mechanismProperties=<hidden>}, transportSettings=null, commandListeners=[], codecRegistry=ProvidersCodecRegistry{codecProviders=[ValueCodecProvider{}, BsonValueCodecProvider{}, DBRefCodecProvider{}, DBObjectCodecProvider{}, DocumentCodecProvider{}, CollectionCodecProvider{}, IterableCodecProvider{}, MapCodecProvider{}, GeoJsonCodecProvider{}, GridFSFileCodecProvider{}, Jsr310CodecProvider{}, JsonObjectCodecProvider{}, BsonCodecProvider{}, EnumCodecProvider{}, com.mongodb.client.model.mql.ExpressionCodecProvider@3c19592c, com.mongodb.Jep395RecordCodecProvider@60e1d87c, com.mongodb.KotlinCodecProvider@2eb60c71]}, loggerSettings=LoggerSettings{maxDocumentLength=1000}, clusterSettings={hosts=[127.0.0.1:27017], srvHost=cluster0.ctmcxpz.mongodb.net, srvServiceName=mongodb, mode=MULTIPLE, requiredClusterType=REPLICA_SET, requiredReplicaSetName='atlas-e919yo-shard-0', serverSelector='null', clusterListeners='[]', serverSelectionTimeout='30000 ms', localThreshold='15 ms'}, socketSettings=SocketSettings{connectTimeoutMS=10000, readTimeoutMS=0, receiveBufferSize=0, proxySettings=ProxySettings{host=null, port=null, username=null, password=null}}, heartbeatSocketSettings=SocketSettings{connectTimeoutMS=10000, readTimeoutMS=10000, receiveBufferSize=0, proxySettings=ProxySettings{host=null, port=null, username=null, password=null}}, connectionPoolSettings=ConnectionPoolSettings{maxSize=100, minSize=0, maxWaitTimeMS=120000, maxConnectionLifeTimeMS=0, maxConnectionIdleTimeMS=0, maintenanceInitialDelayMS=0, maintenanceFrequencyMS=60000, connectionPoolListeners=[], maxConnecting=2}, serverSettings=ServerSettings{heartbeatFrequencyMS=10000, minHeartbeatFrequencyMS=500, serverMonitoringMode=AUTO, serverListeners='[]', serverMonitorListeners='[]'}, sslSettings=SslSettings{enabled=true, invalidHostNameAllowed=false, context=null}, applicationName='null', compressorList=[], uuidRepresentation=UNSPECIFIED, serverApi=null, autoEncryptionSettings=null, dnsClient=null, inetAddressResolver=null, contextProvider=null, timeoutMS=null}
2025-06-04T15:39:52.298+09:00  INFO 63756 --- [digital_wardrobe] [xpz.mongodb.net] org.mongodb.driver.cluster               : Adding discovered server ac-luzo7ib-shard-00-02.ctmcxpz.mongodb.net:27017 to client view of cluster
2025-06-04T15:39:52.302+09:00  INFO 63756 --- [digital_wardrobe] [xpz.mongodb.net] org.mongodb.driver.cluster               : Adding discovered server ac-luzo7ib-shard-00-01.ctmcxpz.mongodb.net:27017 to client view of cluster
2025-06-04T15:39:52.306+09:00  INFO 63756 --- [digital_wardrobe] [xpz.mongodb.net] org.mongodb.driver.cluster               : Adding discovered server ac-luzo7ib-shard-00-00.ctmcxpz.mongodb.net:27017 to client view of cluster
2025-06-04T15:39:52.579+09:00  INFO 63756 --- [digital_wardrobe] [ngodb.net:27017] org.mongodb.driver.cluster               : Monitor thread successfully connected to server with description ServerDescription{address=ac-claqhrh-shard-00-01.t2rbfon.mongodb.net:27017, type=REPLICA_SET_SECONDARY, cryptd=false, state=CONNECTED, ok=true, minWireVersion=0, maxWireVersion=25, maxDocumentSize=16777216, logicalSessionTimeoutMinutes=30, roundTripTimeNanos=483347000, minRoundTripTimeNanos=0, setName='atlas-pnleo6-shard-0', canonicalAddress=ac-claqhrh-shard-00-01.t2rbfon.mongodb.net:27017, hosts=[ac-claqhrh-shard-00-02.t2rbfon.mongodb.net:27017, ac-claqhrh-shard-00-01.t2rbfon.mongodb.net:27017, ac-claqhrh-shard-00-00.t2rbfon.mongodb.net:27017], passives=[], arbiters=[], primary='ac-claqhrh-shard-00-02.t2rbfon.mongodb.net:27017', tagSet=TagSet{[Tag{name='availabilityZone', value='apne2-az3'}, Tag{name='diskState', value='READY'}, Tag{name='nodeType', value='ELECTABLE'}, Tag{name='provider', value='AWS'}, Tag{name='region', value='AP_NORTHEAST_2'}, Tag{name='workloadType', value='OPERATIONAL'}]}, electionId=null, setVersion=7, topologyVersion=TopologyVersion{processId=683df4be95013e00d88faccd, counter=3}, lastWriteDate=Wed Jun 04 15:39:52 KST 2025, lastUpdateTimeNanos=1337034019188300}
2025-06-04T15:39:52.579+09:00  INFO 63756 --- [digital_wardrobe] [ngodb.net:27017] org.mongodb.driver.cluster               : Monitor thread successfully connected to server with description ServerDescription{address=ac-claqhrh-shard-00-02.t2rbfon.mongodb.net:27017, type=REPLICA_SET_PRIMARY, cryptd=false, state=CONNECTED, ok=true, minWireVersion=0, maxWireVersion=25, maxDocumentSize=16777216, logicalSessionTimeoutMinutes=30, roundTripTimeNanos=483263700, minRoundTripTimeNanos=0, setName='atlas-pnleo6-shard-0', canonicalAddress=ac-claqhrh-shard-00-02.t2rbfon.mongodb.net:27017, hosts=[ac-claqhrh-shard-00-02.t2rbfon.mongodb.net:27017, ac-claqhrh-shard-00-01.t2rbfon.mongodb.net:27017, ac-claqhrh-shard-00-00.t2rbfon.mongodb.net:27017], passives=[], arbiters=[], primary='ac-claqhrh-shard-00-02.t2rbfon.mongodb.net:27017', tagSet=TagSet{[Tag{name='availabilityZone', value='apne2-az2'}, Tag{name='diskState', value='READY'}, Tag{name='nodeType', value='ELECTABLE'}, Tag{name='provider', value='AWS'}, Tag{name='region', value='AP_NORTHEAST_2'}, Tag{name='workloadType', value='OPERATIONAL'}]}, electionId=7fffffff0000000000000027, setVersion=7, topologyVersion=TopologyVersion{processId=683df33a439e33eb32a5438f, counter=6}, lastWriteDate=Wed Jun 04 15:39:52 KST 2025, lastUpdateTimeNanos=1337034019104500}
2025-06-04T15:39:52.580+09:00  INFO 63756 --- [digital_wardrobe] [ngodb.net:27017] org.mongodb.driver.cluster               : Monitor thread successfully connected to server with description ServerDescription{address=ac-luzo7ib-shard-00-01.ctmcxpz.mongodb.net:27017, type=REPLICA_SET_PRIMARY, cryptd=false, state=CONNECTED, ok=true, minWireVersion=0, maxWireVersion=25, maxDocumentSize=16777216, logicalSessionTimeoutMinutes=30, roundTripTimeNanos=203594600, minRoundTripTimeNanos=0, setName='atlas-e919yo-shard-0', canonicalAddress=ac-luzo7ib-shard-00-01.ctmcxpz.mongodb.net:27017, hosts=[ac-luzo7ib-shard-00-00.ctmcxpz.mongodb.net:27017, ac-luzo7ib-shard-00-01.ctmcxpz.mongodb.net:27017, ac-luzo7ib-shard-00-02.ctmcxpz.mongodb.net:27017], passives=[], arbiters=[], primary='ac-luzo7ib-shard-00-01.ctmcxpz.mongodb.net:27017', tagSet=TagSet{[Tag{name='availabilityZone', value='apne2-az3'}, Tag{name='diskState', value='READY'}, Tag{name='nodeType', value='ELECTABLE'}, Tag{name='provider', value='AWS'}, Tag{name='region', value='AP_NORTHEAST_2'}, Tag{name='workloadType', value='OPERATIONAL'}]}, electionId=7fffffff0000000000000076, setVersion=6, topologyVersion=TopologyVersion{processId=682b60bc16b95c7e26e61692, counter=6}, lastWriteDate=Wed Jun 04 15:39:52 KST 2025, lastUpdateTimeNanos=1337034019102700}
2025-06-04T15:39:52.580+09:00  INFO 63756 --- [digital_wardrobe] [ngodb.net:27017] org.mongodb.driver.cluster               : Monitor thread successfully connected to server with description ServerDescription{address=ac-claqhrh-shard-00-00.t2rbfon.mongodb.net:27017, type=REPLICA_SET_SECONDARY, cryptd=false, state=CONNECTED, ok=true, minWireVersion=0, maxWireVersion=25, maxDocumentSize=16777216, logicalSessionTimeoutMinutes=30, roundTripTimeNanos=483275200, minRoundTripTimeNanos=0, setName='atlas-pnleo6-shard-0', canonicalAddress=ac-claqhrh-shard-00-00.t2rbfon.mongodb.net:27017, hosts=[ac-claqhrh-shard-00-02.t2rbfon.mongodb.net:27017, ac-claqhrh-shard-00-01.t2rbfon.mongodb.net:27017, ac-claqhrh-shard-00-00.t2rbfon.mongodb.net:27017], passives=[], arbiters=[], primary='ac-claqhrh-shard-00-02.t2rbfon.mongodb.net:27017', tagSet=TagSet{[Tag{name='availabilityZone', value='apne2-az1'}, Tag{name='diskState', value='READY'}, Tag{name='nodeType', value='ELECTABLE'}, Tag{name='provider', value='AWS'}, Tag{name='region', value='AP_NORTHEAST_2'}, Tag{name='workloadType', value='OPERATIONAL'}]}, electionId=null, setVersion=7, topologyVersion=TopologyVersion{processId=683df4180ab9d4c3de1f07a2, counter=4}, lastWriteDate=Wed Jun 04 15:39:52 KST 2025, lastUpdateTimeNanos=1337034019117200}
2025-06-04T15:39:52.580+09:00  INFO 63756 --- [digital_wardrobe] [ngodb.net:27017] org.mongodb.driver.cluster               : Monitor thread successfully connected to server with description ServerDescription{address=ac-luzo7ib-shard-00-02.ctmcxpz.mongodb.net:27017, type=REPLICA_SET_SECONDARY, cryptd=false, state=CONNECTED, ok=true, minWireVersion=0, maxWireVersion=25, maxDocumentSize=16777216, logicalSessionTimeoutMinutes=30, roundTripTimeNanos=215191900, minRoundTripTimeNanos=0, setName='atlas-e919yo-shard-0', canonicalAddress=ac-luzo7ib-shard-00-02.ctmcxpz.mongodb.net:27017, hosts=[ac-luzo7ib-shard-00-00.ctmcxpz.mongodb.net:27017, ac-luzo7ib-shard-00-01.ctmcxpz.mongodb.net:27017, ac-luzo7ib-shard-00-02.ctmcxpz.mongodb.net:27017], passives=[], arbiters=[], primary='ac-luzo7ib-shard-00-01.ctmcxpz.mongodb.net:27017', tagSet=TagSet{[Tag{name='availabilityZone', value='apne2-az2'}, Tag{name='diskState', value='READY'}, Tag{name='nodeType', value='ELECTABLE'}, Tag{name='provider', value='AWS'}, Tag{name='region', value='AP_NORTHEAST_2'}, Tag{name='workloadType', value='OPERATIONAL'}]}, electionId=null, setVersion=6, topologyVersion=TopologyVersion{processId=682b633c283504105ec00ba1, counter=3}, lastWriteDate=Wed Jun 04 15:39:52 KST 2025, lastUpdateTimeNanos=1337034019104800}
2025-06-04T15:39:52.580+09:00  INFO 63756 --- [digital_wardrobe] [ngodb.net:27017] org.mongodb.driver.cluster               : Monitor thread successfully connected to server with description ServerDescription{address=ac-luzo7ib-shard-00-00.ctmcxpz.mongodb.net:27017, type=REPLICA_SET_SECONDARY, cryptd=false, state=CONNECTED, ok=true, minWireVersion=0, maxWireVersion=25, maxDocumentSize=16777216, logicalSessionTimeoutMinutes=30, roundTripTimeNanos=207885800, minRoundTripTimeNanos=0, setName='atlas-e919yo-shard-0', canonicalAddress=ac-luzo7ib-shard-00-00.ctmcxpz.mongodb.net:27017, hosts=[ac-luzo7ib-shard-00-00.ctmcxpz.mongodb.net:27017, ac-luzo7ib-shard-00-01.ctmcxpz.mongodb.net:27017, ac-luzo7ib-shard-00-02.ctmcxpz.mongodb.net:27017], passives=[], arbiters=[], primary='ac-luzo7ib-shard-00-01.ctmcxpz.mongodb.net:27017', tagSet=TagSet{[Tag{name='availabilityZone', value='apne2-az1'}, Tag{name='diskState', value='READY'}, Tag{name='nodeType', value='ELECTABLE'}, Tag{name='provider', value='AWS'}, Tag{name='region', value='AP_NORTHEAST_2'}, Tag{name='workloadType', value='OPERATIONAL'}]}, electionId=null, setVersion=6, topologyVersion=TopologyVersion{processId=682b5d2494b4d0db3908cbe2, counter=4}, lastWriteDate=Wed Jun 04 15:39:52 KST 2025, lastUpdateTimeNanos=1337034019127700}
2025-06-04T15:39:52.587+09:00  INFO 63756 --- [digital_wardrobe] [ngodb.net:27017] org.mongodb.driver.cluster               : Discovered replica set primary ac-luzo7ib-shard-00-01.ctmcxpz.mongodb.net:27017 with max election id 7fffffff0000000000000076 and max set version 6
2025-06-04T15:39:52.588+09:00  INFO 63756 --- [digital_wardrobe] [ngodb.net:27017] org.mongodb.driver.cluster               : Discovered replica set primary ac-claqhrh-shard-00-02.t2rbfon.mongodb.net:27017 with max election id 7fffffff0000000000000027 and max set version 7
2025-06-04T15:39:54.421+09:00  INFO 63756 --- [digital_wardrobe] [           main] r$InitializeUserDetailsManagerConfigurer : Global AuthenticationManager configured with UserDetailsService bean with name userDetailsServiceImpl
2025-06-04T15:39:55.365+09:00  INFO 63756 --- [digital_wardrobe] [           main] o.s.v.b.OptionalValidatorFactoryBean     : Failed to set up a Bean Validation provider: jakarta.validation.NoProviderFoundException: Unable to create a Configuration, because no Jakarta Bean Validation provider could be found. Add a provider like Hibernate Validator (RI) to your classpath.
2025-06-04T15:39:55.771+09:00  INFO 63756 --- [digital_wardrobe] [           main] org.mongodb.driver.client                : MongoClient with metadata {"driver": {"name": "mongo-java-driver|sync|spring-boot", "version": "5.2.1"}, "os": {"type": "Windows", "name": "Windows 11", "architecture": "amd64", "version": "10.0"}, "platform": "Java/Oracle Corporation/21.0.6+8-LTS-188"} created with settings MongoClientSettings{readPreference=primary, writeConcern=WriteConcern{w=null, wTimeout=null ms, journal=null}, retryWrites=true, retryReads=true, readConcern=ReadConcern{level=MAJORITY}, credential=MongoCredential{mechanism=null, userName='yujung', source='admin', password=<hidden>, mechanismProperties=<hidden>}, transportSettings=null, commandListeners=[], codecRegistry=ProvidersCodecRegistry{codecProviders=[ValueCodecProvider{}, BsonValueCodecProvider{}, DBRefCodecProvider{}, DBObjectCodecProvider{}, DocumentCodecProvider{}, CollectionCodecProvider{}, IterableCodecProvider{}, MapCodecProvider{}, GeoJsonCodecProvider{}, GridFSFileCodecProvider{}, Jsr310CodecProvider{}, JsonObjectCodecProvider{}, BsonCodecProvider{}, EnumCodecProvider{}, com.mongodb.client.model.mql.ExpressionCodecProvider@3c19592c, com.mongodb.Jep395RecordCodecProvider@60e1d87c, com.mongodb.KotlinCodecProvider@2eb60c71]}, loggerSettings=LoggerSettings{maxDocumentLength=1000}, clusterSettings={hosts=[127.0.0.1:27017], srvHost=cluster0.ctmcxpz.mongodb.net, srvServiceName=mongodb, mode=MULTIPLE, requiredClusterType=REPLICA_SET, requiredReplicaSetName='atlas-e919yo-shard-0', serverSelector='null', clusterListeners='[]', serverSelectionTimeout='30000 ms', localThreshold='15 ms'}, socketSettings=SocketSettings{connectTimeoutMS=10000, readTimeoutMS=0, receiveBufferSize=0, proxySettings=ProxySettings{host=null, port=null, username=null, password=null}}, heartbeatSocketSettings=SocketSettings{connectTimeoutMS=10000, readTimeoutMS=10000, receiveBufferSize=0, proxySettings=ProxySettings{host=null, port=null, username=null, password=null}}, connectionPoolSettings=ConnectionPoolSettings{maxSize=100, minSize=0, maxWaitTimeMS=120000, maxConnectionLifeTimeMS=0, maxConnectionIdleTimeMS=0, maintenanceInitialDelayMS=0, maintenanceFrequencyMS=60000, connectionPoolListeners=[], maxConnecting=2}, serverSettings=ServerSettings{heartbeatFrequencyMS=10000, minHeartbeatFrequencyMS=500, serverMonitoringMode=AUTO, serverListeners='[]', serverMonitorListeners='[]'}, sslSettings=SslSettings{enabled=true, invalidHostNameAllowed=false, context=null}, applicationName='null', compressorList=[], uuidRepresentation=JAVA_LEGACY, serverApi=null, autoEncryptionSettings=null, dnsClient=null, inetAddressResolver=null, contextProvider=null, timeoutMS=null}
2025-06-04T15:39:55.788+09:00  INFO 63756 --- [digital_wardrobe] [xpz.mongodb.net] org.mongodb.driver.cluster               : Adding discovered server ac-luzo7ib-shard-00-02.ctmcxpz.mongodb.net:27017 to client view of cluster
2025-06-04T15:39:55.790+09:00  INFO 63756 --- [digital_wardrobe] [xpz.mongodb.net] org.mongodb.driver.cluster               : Adding discovered server ac-luzo7ib-shard-00-01.ctmcxpz.mongodb.net:27017 to client view of cluster
2025-06-04T15:39:55.793+09:00  INFO 63756 --- [digital_wardrobe] [xpz.mongodb.net] org.mongodb.driver.cluster               : Adding discovered server ac-luzo7ib-shard-00-00.ctmcxpz.mongodb.net:27017 to client view of cluster
2025-06-04T15:39:55.922+09:00  INFO 63756 --- [digital_wardrobe] [ngodb.net:27017] org.mongodb.driver.cluster               : Monitor thread successfully connected to server with description ServerDescription{address=ac-luzo7ib-shard-00-02.ctmcxpz.mongodb.net:27017, type=REPLICA_SET_SECONDARY, cryptd=false, state=CONNECTED, ok=true, minWireVersion=0, maxWireVersion=25, maxDocumentSize=16777216, logicalSessionTimeoutMinutes=30, roundTripTimeNanos=89471500, minRoundTripTimeNanos=0, setName='atlas-e919yo-shard-0', canonicalAddress=ac-luzo7ib-shard-00-02.ctmcxpz.mongodb.net:27017, hosts=[ac-luzo7ib-shard-00-00.ctmcxpz.mongodb.net:27017, ac-luzo7ib-shard-00-01.ctmcxpz.mongodb.net:27017, ac-luzo7ib-shard-00-02.ctmcxpz.mongodb.net:27017], passives=[], arbiters=[], primary='ac-luzo7ib-shard-00-01.ctmcxpz.mongodb.net:27017', tagSet=TagSet{[Tag{name='availabilityZone', value='apne2-az2'}, Tag{name='diskState', value='READY'}, Tag{name='nodeType', value='ELECTABLE'}, Tag{name='provider', value='AWS'}, Tag{name='region', value='AP_NORTHEAST_2'}, Tag{name='workloadType', value='OPERATIONAL'}]}, electionId=null, setVersion=6, topologyVersion=TopologyVersion{processId=682b633c283504105ec00ba1, counter=3}, lastWriteDate=Wed Jun 04 15:39:55 KST 2025, lastUpdateTimeNanos=1337037368539600}
2025-06-04T15:39:55.925+09:00  INFO 63756 --- [digital_wardrobe] [ngodb.net:27017] org.mongodb.driver.cluster               : Monitor thread successfully connected to server with description ServerDescription{address=ac-luzo7ib-shard-00-00.ctmcxpz.mongodb.net:27017, type=REPLICA_SET_SECONDARY, cryptd=false, state=CONNECTED, ok=true, minWireVersion=0, maxWireVersion=25, maxDocumentSize=16777216, logicalSessionTimeoutMinutes=30, roundTripTimeNanos=84852900, minRoundTripTimeNanos=0, setName='atlas-e919yo-shard-0', canonicalAddress=ac-luzo7ib-shard-00-00.ctmcxpz.mongodb.net:27017, hosts=[ac-luzo7ib-shard-00-00.ctmcxpz.mongodb.net:27017, ac-luzo7ib-shard-00-01.ctmcxpz.mongodb.net:27017, ac-luzo7ib-shard-00-02.ctmcxpz.mongodb.net:27017], passives=[], arbiters=[], primary='ac-luzo7ib-shard-00-01.ctmcxpz.mongodb.net:27017', tagSet=TagSet{[Tag{name='availabilityZone', value='apne2-az1'}, Tag{name='diskState', value='READY'}, Tag{name='nodeType', value='ELECTABLE'}, Tag{name='provider', value='AWS'}, Tag{name='region', value='AP_NORTHEAST_2'}, Tag{name='workloadType', value='OPERATIONAL'}]}, electionId=null, setVersion=6, topologyVersion=TopologyVersion{processId=682b5d2494b4d0db3908cbe2, counter=4}, lastWriteDate=Wed Jun 04 15:39:55 KST 2025, lastUpdateTimeNanos=1337037370985800}
2025-06-04T15:39:55.934+09:00  INFO 63756 --- [digital_wardrobe] [ngodb.net:27017] org.mongodb.driver.cluster               : Monitor thread successfully connected to server with description ServerDescription{address=ac-luzo7ib-shard-00-01.ctmcxpz.mongodb.net:27017, type=REPLICA_SET_PRIMARY, cryptd=false, state=CONNECTED, ok=true, minWireVersion=0, maxWireVersion=25, maxDocumentSize=16777216, logicalSessionTimeoutMinutes=30, roundTripTimeNanos=94559200, minRoundTripTimeNanos=0, setName='atlas-e919yo-shard-0', canonicalAddress=ac-luzo7ib-shard-00-01.ctmcxpz.mongodb.net:27017, hosts=[ac-luzo7ib-shard-00-00.ctmcxpz.mongodb.net:27017, ac-luzo7ib-shard-00-01.ctmcxpz.mongodb.net:27017, ac-luzo7ib-shard-00-02.ctmcxpz.mongodb.net:27017], passives=[], arbiters=[], primary='ac-luzo7ib-shard-00-01.ctmcxpz.mongodb.net:27017', tagSet=TagSet{[Tag{name='availabilityZone', value='apne2-az3'}, Tag{name='diskState', value='READY'}, Tag{name='nodeType', value='ELECTABLE'}, Tag{name='provider', value='AWS'}, Tag{name='region', value='AP_NORTHEAST_2'}, Tag{name='workloadType', value='OPERATIONAL'}]}, electionId=7fffffff0000000000000076, setVersion=6, topologyVersion=TopologyVersion{processId=682b60bc16b95c7e26e61692, counter=6}, lastWriteDate=Wed Jun 04 15:39:56 KST 2025, lastUpdateTimeNanos=1337037380693100}
2025-06-04T15:39:55.935+09:00  INFO 63756 --- [digital_wardrobe] [ngodb.net:27017] org.mongodb.driver.cluster               : Discovered replica set primary ac-luzo7ib-shard-00-01.ctmcxpz.mongodb.net:27017 with max election id 7fffffff0000000000000076 and max set version 6
2025-06-04T15:39:56.031+09:00  INFO 63756 --- [digital_wardrobe] [           main] c.e.d.DigitalWardrobeApplicationTests    : Started DigitalWardrobeApplicationTests in 6.254 seconds (process running for 7.228)
]]></system-out>
    <system-err><![CDATA[Mockito is currently self-attaching to enable the inline-mock-maker. This will no longer work in future releases of the JDK. Please add Mockito as an agent to your build what is described in Mockito's documentation: https://javadoc.io/doc/org.mockito/mockito-core/latest/org/mockito/Mockito.html#0.3
WARNING: A Java agent has been loaded dynamically (C:\Users\qmffn\.m2\repository\net\bytebuddy\byte-buddy-agent\1.15.11\byte-buddy-agent-1.15.11.jar)
WARNING: If a serviceability tool is in use, please run with -XX:+EnableDynamicAgentLoading to hide this warning
WARNING: If a serviceability tool is not in use, please run with -Djdk.instrument.traceUsage for more information
WARNING: Dynamic loading of agents will be disallowed by default in a future release
]]></system-err>
  </testcase>
</testsuite>